GROUP,PACKAGE,CLASS,INSTRUCTION_MISSED,INSTRUCTION_COVERED,BRANCH_MISSED,BRANCH_COVERED,LINE_MISSED,LINE_COVERED,COMPLEXITY_MISSED,COMPLEXITY_COVERED,METHOD_MISSED,METHOD_COVERED
Commons Testing,net.trajano.commons.testing,UtilityClassTestUtil,13,96,8,16,2,16,7,8,0,3
Commons Testing,net.trajano.commons.testing,DisableSslCertificateCheckUtil,9,59,0,4,2,22,0,6,0,4
Commons Testing,net.trajano.commons.testing.internal,NullX509TrustManager,0,8,0,0,0,4,0,4,0,4
Commons Testing,net.trajano.commons.testing.internal,NullHostnameVerifier,0,5,0,0,0,2,0,2,0,2
